0 info it worked if it ends with ok
1 verbose cli [ '/usr/local/nvm/versions/node/v6.9.2/bin/node',
1 verbose cli   '/usr/local/nvm/versions/node/v6.9.2/bin/npm',
1 verbose cli   'start' ]
2 info using npm@3.10.9
3 info using node@v6.9.2
4 verbose run-script [ 'prestart', 'start', 'poststart' ]
5 info lifecycle ap-proj@0.0.1~prestart: ap-proj@0.0.1
6 silly lifecycle ap-proj@0.0.1~prestart: no script for prestart, continuing
7 info lifecycle ap-proj@0.0.1~start: ap-proj@0.0.1
8 verbose lifecycle ap-proj@0.0.1~start: unsafe-perm in lifecycle true
9 verbose lifecycle ap-proj@0.0.1~start: PATH: /usr/local/nvm/versions/node/v6.9.2/lib/node_modules/npm/bin/node-gyp-bin:/home/nova6ers/AP-Proj/node_modules/.bin:/google/google-cloud-sdk/bin:/usr/local/nvm/versions/node/v6.9.2/bin:/home/nova6ers/gopath/bin:/google/gopath/bin:/usr/local/go/bin:/gradle-2.12/bin:/apache-maven-3.3.9/bin:/google/google-cloud-sdk/bin:/usr/local/sbin:/usr/local/bin:/usr/sbin:/usr/bin:/sbin:/bin:/google/go_appengine:/google/google_appengine
10 verbose lifecycle ap-proj@0.0.1~start: CWD: /home/nova6ers/AP-Proj
11 silly lifecycle ap-proj@0.0.1~start: Args: [ '-c', 'NODE_ENV=production node ./bin/www' ]
12 silly lifecycle ap-proj@0.0.1~start: Returned: code: 1  signal: null
13 info lifecycle ap-proj@0.0.1~start: Failed to exec start script
14 verbose stack Error: ap-proj@0.0.1 start: `NODE_ENV=production node ./bin/www`
14 verbose stack Exit status 1
14 verbose stack     at EventEmitter.<anonymous> (/usr/local/nvm/versions/node/v6.9.2/lib/node_modules/npm/lib/utils/lifecycle.js:255:16)
14 verbose stack     at emitTwo (events.js:106:13)
14 verbose stack     at EventEmitter.emit (events.js:191:7)
14 verbose stack     at ChildProcess.<anonymous> (/usr/local/nvm/versions/node/v6.9.2/lib/node_modules/npm/lib/utils/spawn.js:40:14)
14 verbose stack     at emitTwo (events.js:106:13)
14 verbose stack     at ChildProcess.emit (events.js:191:7)
14 verbose stack     at maybeClose (internal/child_process.js:877:16)
14 verbose stack     at Process.ChildProcess._handle.onexit (internal/child_process.js:226:5)
15 verbose pkgid ap-proj@0.0.1
16 verbose cwd /home/nova6ers/AP-Proj
17 error Linux 3.16.0-4-amd64
18 error argv "/usr/local/nvm/versions/node/v6.9.2/bin/node" "/usr/local/nvm/versions/node/v6.9.2/bin/npm" "start"
19 error node v6.9.2
20 error npm  v3.10.9
21 error code ELIFECYCLE
22 error ap-proj@0.0.1 start: `NODE_ENV=production node ./bin/www`
22 error Exit status 1
23 error Failed at the ap-proj@0.0.1 start script 'NODE_ENV=production node ./bin/www'.
23 error Make sure you have the latest version of node.js and npm installed.
23 error If you do, this is most likely a problem with the ap-proj package,
23 error not with npm itself.
23 error Tell the author that this fails on your system:
23 error     NODE_ENV=production node ./bin/www
23 error You can get information on how to open an issue for this project with:
23 error     npm bugs ap-proj
23 error Or if that isn't available, you can get their info via:
23 error     npm owner ls ap-proj
23 error There is likely additional logging output above.
24 verbose exit [ 1, true ]
